This is pTeX, Version 3.141592-p3.1.8 (sjis) (Web2C 7.5.5) (format=platex 2005.9.8)  16 SEP 2025 09:08
**_formulas.tex
(./_formulas.tex
pLaTeX2e <2005/01/04>+0 (based on LaTeX2e <2003/12/01> patch level 0)
Babel <v3.8g> and hyphenation patterns for english, usenglishmax, ukenglish, ba
sque, bulgarian, coptic, welsh, czech, slovak, german, ngerman, danish, spanish
, catalan, estonian, finnish, french, irish, polygreek, monogreek, ancientgreek
, croatian, hungarian, interlingua, ibycus, bahasa, icelandic, italian, latin, 
mongolian, dutch, norsk, polish, portuguese, pinyin, romanian, russian, samin, 
slovene, usorbian, serbian, swedish, turkish, ukrainian, dumylang, nohyphenatio
n, loaded.

(c:/tex/share/texmf/tex/latex/base/article.cls
Document Class: article 2004/02/16 v1.4f Standard LaTeX document class
(c:/tex/share/texmf/tex/latex/base/size10.clo
File: size10.clo 2004/02/16 v1.4f Standard LaTeX file (size option)
)
\c@part=\count81
\c@section=\count82
\c@subsection=\count83
\c@subsubsection=\count84
\c@paragraph=\count85
\c@subparagraph=\count86
\c@figure=\count87
\c@table=\count88
\abovecaptionskip=\skip41
\belowcaptionskip=\skip42
\bibindent=\dimen118
) (c:/tex/share/texmf/tex/latex/base/inputenc.sty
Package: inputenc 2004/02/05 v1.0d Input encoding file
(c:/tex/share/texmf/tex/latex/base/utf8.def
File: utf8.def 2004/02/09 v1.1b UTF-8 support for inputenc
Now handling font encoding OML ...
... no UTF-8 mapping file for font encoding OML
Now handling font encoding T1 ...
... processing UTF-8 mapping file for font encoding T1
(c:/tex/share/texmf/tex/latex/base/t1enc.dfu
File: t1enc.dfu 2004/02/09 v1.1b UTF-8 support for inputenc
   defining Unicode char U+00A1 (decimal 161)
   defining Unicode char U+00A3 (decimal 163)
   defining Unicode char U+00AB (decimal 171)
   defining Unicode char U+00BB (decimal 187)
   defining Unicode char U+00BF (decimal 191)
   defining Unicode char U+00C0 (decimal 192)
   defining Unicode char U+00C1 (decimal 193)
   defining Unicode char U+00C2 (decimal 194)
   defining Unicode char U+00C3 (decimal 195)
   defining Unicode char U+00C4 (decimal 196)
   defining Unicode char U+00C5 (decimal 197)
   defining Unicode char U+00C6 (decimal 198)
   defining Unicode char U+00C7 (decimal 199)
   defining Unicode char U+00C8 (decimal 200)
   defining Unicode char U+00C9 (decimal 201)
   defining Unicode char U+00CA (decimal 202)
   defining Unicode char U+00CB (decimal 203)
   defining Unicode char U+00CC (decimal 204)
   defining Unicode char U+00CD (decimal 205)
   defining Unicode char U+00CE (decimal 206)
   defining Unicode char U+00CF (decimal 207)
   defining Unicode char U+00D0 (decimal 208)
   defining Unicode char U+00D1 (decimal 209)
   defining Unicode char U+00D2 (decimal 210)
   defining Unicode char U+00D3 (decimal 211)
   defining Unicode char U+00D4 (decimal 212)
   defining Unicode char U+00D5 (decimal 213)
   defining Unicode char U+00D6 (decimal 214)
   defining Unicode char U+00D8 (decimal 216)
   defining Unicode char U+00D9 (decimal 217)
   defining Unicode char U+00DA (decimal 218)
   defining Unicode char U+00DB (decimal 219)
   defining Unicode char U+00DC (decimal 220)
   defining Unicode char U+00DD (decimal 221)
   defining Unicode char U+00DE (decimal 222)
   defining Unicode char U+00DF (decimal 223)
   defining Unicode char U+00E0 (decimal 224)
   defining Unicode char U+00E1 (decimal 225)
   defining Unicode char U+00E2 (decimal 226)
   defining Unicode char U+00E3 (decimal 227)
   defining Unicode char U+00E4 (decimal 228)
   defining Unicode char U+00E5 (decimal 229)
   defining Unicode char U+00E6 (decimal 230)
   defining Unicode char U+00E7 (decimal 231)
   defining Unicode char U+00E8 (decimal 232)
   defining Unicode char U+00E9 (decimal 233)
   defining Unicode char U+00EA (decimal 234)
   defining Unicode char U+00EB (decimal 235)
   defining Unicode char U+00EC (decimal 236)
   defining Unicode char U+00ED (decimal 237)
   defining Unicode char U+00EE (decimal 238)
   defining Unicode char U+00EF (decimal 239)
   defining Unicode char U+00F0 (decimal 240)
   defining Unicode char U+00F1 (decimal 241)
   defining Unicode char U+00F2 (decimal 242)
   defining Unicode char U+00F3 (decimal 243)
   defining Unicode char U+00F4 (decimal 244)
   defining Unicode char U+00F5 (decimal 245)
   defining Unicode char U+00F6 (decimal 246)
   defining Unicode char U+00F8 (decimal 248)
   defining Unicode char U+00F9 (decimal 249)
   defining Unicode char U+00FA (decimal 250)
   defining Unicode char U+00FB (decimal 251)
   defining Unicode char U+00FC (decimal 252)
   defining Unicode char U+00FD (decimal 253)
   defining Unicode char U+00FE (decimal 254)
   defining Unicode char U+00FF (decimal 255)
   defining Unicode char U+0102 (decimal 258)
   defining Unicode char U+0103 (decimal 259)
   defining Unicode char U+0104 (decimal 260)
   defining Unicode char U+0105 (decimal 261)
   defining Unicode char U+0106 (decimal 262)
   defining Unicode char U+0107 (decimal 263)
   defining Unicode char U+010C (decimal 268)
   defining Unicode char U+010D (decimal 269)
   defining Unicode char U+010E (decimal 270)
   defining Unicode char U+010F (decimal 271)
   defining Unicode char U+0110 (decimal 272)
   defining Unicode char U+0111 (decimal 273)
   defining Unicode char U+0118 (decimal 280)
   defining Unicode char U+0119 (decimal 281)
   defining Unicode char U+011A (decimal 282)
   defining Unicode char U+011B (decimal 283)
   defining Unicode char U+011E (decimal 286)
   defining Unicode char U+011F (decimal 287)
   defining Unicode char U+0130 (decimal 304)
   defining Unicode char U+0131 (decimal 305)
   defining Unicode char U+0139 (decimal 313)
   defining Unicode char U+013A (decimal 314)
   defining Unicode char U+013D (decimal 317)
   defining Unicode char U+013E (decimal 318)
   defining Unicode char U+0141 (decimal 321)
   defining Unicode char U+0142 (decimal 322)
   defining Unicode char U+0143 (decimal 323)
   defining Unicode char U+0144 (decimal 324)
   defining Unicode char U+0147 (decimal 327)
   defining Unicode char U+0148 (decimal 328)
   defining Unicode char U+014A (decimal 330)
   defining Unicode char U+014B (decimal 331)
   defining Unicode char U+0150 (decimal 336)
   defining Unicode char U+0151 (decimal 337)
   defining Unicode char U+0152 (decimal 338)
   defining Unicode char U+0153 (decimal 339)
   defining Unicode char U+0154 (decimal 340)
   defining Unicode char U+0155 (decimal 341)
   defining Unicode char U+0158 (decimal 344)
   defining Unicode char U+0159 (decimal 345)
   defining Unicode char U+015A (decimal 346)
   defining Unicode char U+015B (decimal 347)
   defining Unicode char U+015E (decimal 350)
   defining Unicode char U+015F (decimal 351)
   defining Unicode char U+0160 (decimal 352)
   defining Unicode char U+0161 (decimal 353)
   defining Unicode char U+0162 (decimal 354)
   defining Unicode char U+0163 (decimal 355)
   defining Unicode char U+0164 (decimal 356)
   defining Unicode char U+0165 (decimal 357)
   defining Unicode char U+016E (decimal 366)
   defining Unicode char U+016F (decimal 367)
   defining Unicode char U+0170 (decimal 368)
   defining Unicode char U+0171 (decimal 369)
   defining Unicode char U+0178 (decimal 376)
   defining Unicode char U+0179 (decimal 377)
   defining Unicode char U+017A (decimal 378)
   defining Unicode char U+017B (decimal 379)
   defining Unicode char U+017C (decimal 380)
   defining Unicode char U+017D (decimal 381)
   defining Unicode char U+017E (decimal 382)
   defining Unicode char U+200C (decimal 8204)
   defining Unicode char U+2013 (decimal 8211)
   defining Unicode char U+2014 (decimal 8212)
   defining Unicode char U+2018 (decimal 8216)
   defining Unicode char U+2019 (decimal 8217)
   defining Unicode char U+201A (decimal 8218)
   defining Unicode char U+201C (decimal 8220)
   defining Unicode char U+201D (decimal 8221)
   defining Unicode char U+201E (decimal 8222)
   defining Unicode char U+2030 (decimal 8240)
   defining Unicode char U+2031 (decimal 8241)
   defining Unicode char U+2039 (decimal 8249)
   defining Unicode char U+203A (decimal 8250)
   defining Unicode char U+2423 (decimal 9251)
)
Now handling font encoding OT1 ...
... processing UTF-8 mapping file for font encoding OT1
(c:/tex/share/texmf/tex/latex/base/ot1enc.dfu
File: ot1enc.dfu 2004/02/09 v1.1b UTF-8 support for inputenc
   defining Unicode char U+00A1 (decimal 161)
   defining Unicode char U+00A3 (decimal 163)
   defining Unicode char U+00B8 (decimal 184)
   defining Unicode char U+00BF (decimal 191)
   defining Unicode char U+00C5 (decimal 197)
   defining Unicode char U+00C6 (decimal 198)
   defining Unicode char U+00D8 (decimal 216)
   defining Unicode char U+00DF (decimal 223)
   defining Unicode char U+00E6 (decimal 230)
   defining Unicode char U+00EC (decimal 236)
   defining Unicode char U+00ED (decimal 237)
   defining Unicode char U+00EE (decimal 238)
   defining Unicode char U+00EF (decimal 239)
   defining Unicode char U+00F8 (decimal 248)
   defining Unicode char U+0131 (decimal 305)
   defining Unicode char U+0141 (decimal 321)
   defining Unicode char U+0142 (decimal 322)
   defining Unicode char U+0152 (decimal 338)
   defining Unicode char U+0153 (decimal 339)
   defining Unicode char U+2013 (decimal 8211)
   defining Unicode char U+2014 (decimal 8212)
   defining Unicode char U+2018 (decimal 8216)
   defining Unicode char U+2019 (decimal 8217)
   defining Unicode char U+201C (decimal 8220)
   defining Unicode char U+201D (decimal 8221)
)
Now handling font encoding OMS ...
... processing UTF-8 mapping file for font encoding OMS
(c:/tex/share/texmf/tex/latex/base/omsenc.dfu
File: omsenc.dfu 2004/02/09 v1.1b UTF-8 support for inputenc
   defining Unicode char U+00A7 (decimal 167)
   defining Unicode char U+00B6 (decimal 182)
   defining Unicode char U+02D9 (decimal 729)
   defining Unicode char U+2020 (decimal 8224)
   defining Unicode char U+2021 (decimal 8225)
   defining Unicode char U+2022 (decimal 8226)
)
Now handling font encoding OMX ...
... no UTF-8 mapping file for font encoding OMX
Now handling font encoding U ...
... no UTF-8 mapping file for font encoding U
Now handling font encoding JY1 ...
... no UTF-8 mapping file for font encoding JY1
Now handling font encoding JT1 ...
... no UTF-8 mapping file for font encoding JT1
   defining Unicode char U+00A9 (decimal 169)
   defining Unicode char U+00AA (decimal 170)
   defining Unicode char U+00AE (decimal 174)
   defining Unicode char U+00BA (decimal 186)
   defining Unicode char U+02C6 (decimal 710)
   defining Unicode char U+02CA (decimal 714)
   defining Unicode char U+200C (decimal 8204)
   defining Unicode char U+2026 (decimal 8230)
   defining Unicode char U+2122 (decimal 8482)
   defining Unicode char U+2423 (decimal 9251)
)) (c:/tex/share/texmf/tex/latex/graphics/epsfig.sty
Package: epsfig 1999/02/16 v1.7a (e)psfig emulation (SPQR)
(c:/tex/share/texmf/tex/latex/graphics/graphicx.sty
Package: graphicx 1999/02/16 v1.0f Enhanced LaTeX Graphics (DPC,SPQR)
(c:/tex/share/texmf/tex/latex/graphics/keyval.sty
Package: keyval 1999/03/16 v1.13 key=value parser (DPC)
\KV@toks@=\toks15
) (c:/tex/share/texmf/tex/latex/graphics/graphics.sty
Package: graphics 2001/07/07 v1.0n Standard LaTeX Graphics (DPC,SPQR)
(c:/tex/share/texmf/tex/latex/graphics/trig.sty
Package: trig 1999/03/16 v1.09 sin cos tan (DPC)
) (c:/tex/share/texmf/tex/latex/config/graphics.cfg)
Package graphics Info: Driver file: dvips.def on input line 81.
(c:/tex/share/texmf/tex/latex/graphics/dvips.def
File: dvips.def 1999/02/16 v3.0i Driver-dependant file (DPC,SPQR)
))
\Gin@req@height=\dimen119
\Gin@req@width=\dimen120
)
\epsfxsize=\dimen121
\epsfysize=\dimen122
) (c:/tex/share/texmf/tex/latex/amslatex/amsmath.sty
Package: amsmath 2000/07/18 v2.13 AMS math features
\@mathmargin=\skip43
For additional information on amsmath, use the `?' option.
(c:/tex/share/texmf/tex/latex/amslatex/amstext.sty
Package: amstext 2000/06/29 v2.01
(c:/tex/share/texmf/tex/latex/amslatex/amsgen.sty
File: amsgen.sty 1999/11/30 v2.0
\@emptytoks=\toks16
\ex@=\dimen123
)) (c:/tex/share/texmf/tex/latex/amslatex/amsbsy.sty
Package: amsbsy 1999/11/29 v1.2d
\pmbraise@=\dimen124
) (c:/tex/share/texmf/tex/latex/amslatex/amsopn.sty
Package: amsopn 1999/12/14 v2.01 operator names
)
\inf@bad=\count89
LaTeX Info: Redefining \frac on input line 211.
\uproot@=\count90
\leftroot@=\count91
LaTeX Info: Redefining \overline on input line 307.
\classnum@=\count92
\DOTSCASE@=\count93
LaTeX Info: Redefining \ldots on input line 379.
LaTeX Info: Redefining \dots on input line 382.
LaTeX Info: Redefining \cdots on input line 467.
\Mathstrutbox@=\box41
\strutbox@=\box42
\big@size=\dimen125
LaTeX Font Info:    Redeclaring font encoding OML on input line 567.
LaTeX Font Info:    Redeclaring font encoding OMS on input line 568.
\macc@depth=\count94
\c@MaxMatrixCols=\count95
\dotsspace@=\muskip10
\c@parentequation=\count96
\dspbrk@lvl=\count97
\tag@help=\toks17
\row@=\count98
\column@=\count99
\maxfields@=\count100
\andhelp@=\toks18
\eqnshift@=\dimen126
\alignsep@=\dimen127
\tagshift@=\dimen128
\tagwidth@=\dimen129
\totwidth@=\dimen130
\lineht@=\dimen131
\@envbody=\toks19
\multlinegap=\skip44
\multlinetaggap=\skip45
\mathdisplay@stack=\toks20
LaTeX Info: Redefining \[ on input line 2666.
LaTeX Info: Redefining \] on input line 2667.
) (c:/tex/share/texmf/tex/latex/amsfonts/amssymb.sty
Package: amssymb 2002/01/22 v2.2d
(c:/tex/share/texmf/tex/latex/amsfonts/amsfonts.sty
Package: amsfonts 2001/10/25 v2.2f
\symAMSa=\mathgroup4
\symAMSb=\mathgroup5
LaTeX Font Info:    Overwriting math alphabet `\mathfrak' in version `bold'
(Font)                  U/euf/m/n --> U/euf/b/n on input line 132.
)) (c:/tex/share/texmf/tex/latex/misc/type1cm.sty
Package: type1cm 2002/09/05 v0.04 BlueSky/Y&Y Type1 CM font definitions (DPC, p
atched RF)
)
No file _formulas.aux.
\openout1 = `_formulas.aux'.

LaTeX Font Info:    Checking defaults for OML/cmm/m/it on input line 9.
LaTeX Font Info:    ... okay on input line 9.
LaTeX Font Info:    Checking defaults for T1/cmr/m/n on input line 9.
LaTeX Font Info:    ... okay on input line 9.
LaTeX Font Info:    Checking defaults for OT1/cmr/m/n on input line 9.
LaTeX Font Info:    ... okay on input line 9.
LaTeX Font Info:    Checking defaults for OMS/cmsy/m/n on input line 9.
LaTeX Font Info:    ... okay on input line 9.
LaTeX Font Info:    Checking defaults for OMX/cmex/m/n on input line 9.
LaTeX Font Info:    ... okay on input line 9.
LaTeX Font Info:    Checking defaults for U/cmr/m/n on input line 9.
LaTeX Font Info:    ... okay on input line 9.
LaTeX Font Info:    Checking defaults for JY1/mc/m/n on input line 9.
LaTeX Font Info:    ... okay on input line 9.
LaTeX Font Info:    Checking defaults for JT1/mc/m/n on input line 9.
LaTeX Font Info:    ... okay on input line 9.
[1

] [2] [3] [4] [5] [6] [7] [8] [9] [10] [11] [12] [13] [14] [15] [16] [17] [18] 
[19] [20] [21] [22] [23] [24] [25] [26] [27] [28] [29] [30] [31] [32] [33] [34]
[35] [36] [37] [38] [39] [40] [41] [42] [43] [44] [45] [46] [47] [48] [49] [50]
[51]
Overfull \hbox (34.34476pt too wide) detected at line 163
\OML/cmm/m/it/10 d[] \OT1/cmr/m/n/10 = [] + 0 \OMS/cmsy/m/n/10 ^^C \OML/cmm/m/i
t/10 D[] \OT1/cmr/m/n/10 + 0 \OMS/cmsy/m/n/10 ^^C \OML/cmm/m/it/10 D[] \OT1/cmr
/m/n/10 + []
 []

[52] [53] [54] [55] [56] [57] [58] [59] [60] [61] [62] [63] [64] [65] [66] [67]
[68] [69] [70] [71] [72] [73] [74] [75] [76] [77] [78] [79] [80] [81] [82] [83]
[84] [85] [86] [87] [88] [89] [90] [91] [92] [93] [94] [95] [96] [97] [98] [99]
[100] [101] [102] [103] [104] [105] [106] [107] [108] [109] [110] [111] [112] [
113]
Overfull \hbox (9.93466pt too wide) in alignment at lines 349--349
 [][][] []
 []

[114] [115] [116] [117] [118] [119] [120] [121] [122] [123] [124] [125] [126] [
127] [128] [129] [130] [131] [132] [133] [134] [135] [136] [137] [138] [139] [1
40]
Overfull \hbox (9.90689pt too wide) in alignment at lines 430--430
 [][][] []
 []

[141] [142] [143] [144] [145] [146] [147] [148] [149] [150] [151] [152] [153] [
154] [155] [156] [157] [158] [159] [160] [161] [162] [163] [164] [165] [166] [1
67] [168] [169] [170] [171] [172] [173] [174] [175] [176] [177] [178] [179] [18
0] [181] [182] [183] [184] [185] [186] [187] [188] [189] [190] [191] [192] [193
] [194] [195] [196] [197] [198] [199] [200] [201] [202] [203] [204] [205] [206]
[207] [208] [209] [210] [211] [212] [213] [214] [215] [216] [217] [218] [219] [
220] [221] [222] [223] [224] [225] [226] [227] [228] [229] [230] [231] [232] [2
33] [234] [235] [236] [237] [238] [239] [240] [241] [242] [243] [244] [245] [24
6] [247] [248] [249] [250] [251] [252] [253] [254] [255] [256] [257] [258] [259
] [260]
Overfull \hbox (29.19507pt too wide) detected at line 790
[] \OT1/cmr/m/n/10 = [] [] [] []
 []

[261] [262] [263] [264] [265] [266] [267] [268] [269] [270] [271] [272] [273] [
274] [275] [276] [277] [278] [279] [280] [281] [282] [283] [284] [285] [286] [2
87] [288] [289] [290] [291] [292] [293] [294] [295] [296] [297] [298] [299] [30
0] [301] [302] [303] [304] [305] [306] [307] [308] [309] [310] [311] [312] [313
] [314] [315] [316] [317] [318] [319] [320] [321] [322] [323] [324] [325] [326]
[327] [328] [329] [330] [331] [332] [333] [334] [335] [336] [337] [338] [339]
Overfull \hbox (19.19504pt too wide) detected at line 1027
[] \OT1/cmr/m/n/10 = [] [] [] []
 []

[340] [341] [342] [343] [344] [345] [346] [347] [348] [349] [350] [351] [352] [
353] [354] [355] [356] [357] [358] [359] [360] [361] [362] [363] [364] [365] [3
66] [367] [368] [369] [370] [371] [372] [373] [374] [375] [376] [377] [378] [37
9] [380] [381] [382] [383] [384] [385] [386] [387] [388]
Overfull \hbox (200.5947pt too wide) detected at line 1174
[] []
 []

[389] [390] [391] [392] [393] [394] [395] [396] [397] [398] [399] [400] [401] [
402] [403] [404] [405] [406] [407] [408] [409] [410] [411] [412] [413] [414] [4
15] [416] [417] [418] [419] [420] [421] [422] [423] [424] [425] [426] [427] [42
8] [429] [430] [431] [432] [433] [434] [435] [436] [437] [438] [439] [440] [441
] [442] [443] [444] [445] [446] [447] [448] [449] [450] [451] [452] [453] [454]
[455] [456] [457] [458] [459] [460] [461] [462] [463] [464] [465] [466] [467] [
468] [469] [470] [471] [472] [473] [474] [475] [476]
! Undefined control sequence.
l.1438 \[ d=(\bm
                {l} \cdot \bm{n}) ai \]
The control sequence at the end of the top line
of your error message was never \def'ed. If you have
misspelled it (e.g., `\hobx'), type `I' and the correct
spelling (e.g., `I\hbox'). Otherwise just continue,
and I'll forget about whatever was undefined.

! Undefined control sequence.
l.1438 \[ d=(\bm{l} \cdot \bm
                             {n}) ai \]
The control sequence at the end of the top line
of your error message was never \def'ed. If you have
misspelled it (e.g., `\hobx'), type `I' and the correct
spelling (e.g., `I\hbox'). Otherwise just continue,
and I'll forget about whatever was undefined.

[477] [478] [479]
! Undefined control sequence.
l.1447 $ \bm
            {n}=(n_{x},n_{y},n_{z}) $
The control sequence at the end of the top line
of your error message was never \def'ed. If you have
misspelled it (e.g., `\hobx'), type `I' and the correct
spelling (e.g., `I\hbox'). Otherwise just continue,
and I'll forget about whatever was undefined.

[480]
! Undefined control sequence.
l.1450 $ \bm
            {l}=(l_{x},l_{y},l_{z}) $
The control sequence at the end of the top line
of your error message was never \def'ed. If you have
misspelled it (e.g., `\hobx'), type `I' and the correct
spelling (e.g., `I\hbox'). Otherwise just continue,
and I'll forget about whatever was undefined.

[481] [482] [483] [484] [485] [486] [487]

! Package amsmath Error: Extra & on this line.

See the amsmath package documentation for explanation.
Type  H <return>  for immediate help.
 ...                                              
                                                  
l.1471 ...} && l_{1,z}n_{z}) && ai={} && d_{1} \\ 
                                                  (l_{2,x}n_{x}+{} && l_{2,y...

\An extra & here is so disastrous that you should probably exit
 and fix things up. 


! Package amsmath Error: Extra & on this line.

See the amsmath package documentation for explanation.
Type  H <return>  for immediate help.
 ...                                              
                                                  
l.1471 ...} && l_{2,z}n_{z}) && ai={} && d_{2} \\ 
                                                  \vdots \\ (l_{m,x}n_{x}+{}...

\An extra & here is so disastrous that you should probably exit
 and fix things up. 


! Package amsmath Error: Extra & on this line.

See the amsmath package documentation for explanation.
Type  H <return>  for immediate help.
 ...                                              
                                                  
l.1471 ...} && l_{m,z}n_{z}) && ai={} && d_{m} \\ 
                                                  \end{alignedat} \right. \]
\An extra & here is so disastrous that you should probably exit
 and fix things up. 

[488]
! Undefined control sequence.
l.1474 $\tilde{n}^{t}=(ai)\bm
                             {n}^{t}$
The control sequence at the end of the top line
of your error message was never \def'ed. If you have
misspelled it (e.g., `\hobx'), type `I' and the correct
spelling (e.g., `I\hbox'). Otherwise just continue,
and I'll forget about whatever was undefined.

[489]
LaTeX Font Info:    Font shape `JT1/mc/bx/n' in size <10> not available
(Font)              Font shape `JT1/gt/m/n' tried instead on input line 1477.
LaTeX Font Info:    Font shape `JY1/mc/bx/n' in size <10> not available
(Font)              Font shape `JY1/gt/m/n' tried instead on input line 1477.
! Undefined control sequence.
l.1477 $\textbf{L},\bm
                      {d}$
The control sequence at the end of the top line
of your error message was never \def'ed. If you have
misspelled it (e.g., `\hobx'), type `I' and the correct
spelling (e.g., `I\hbox'). Otherwise just continue,
and I'll forget about whatever was undefined.

[490]
! Undefined control sequence.
l.1480 ...} & l_{m,y} & l_{m,z} \end{pmatrix}, \bm
                                                  {d}=\begin{pmatrix}d_{1} \...
The control sequence at the end of the top line
of your error message was never \def'ed. If you have
misspelled it (e.g., `\hobx'), type `I' and the correct
spelling (e.g., `I\hbox'). Otherwise just continue,
and I'll forget about whatever was undefined.

[491]
! Undefined control sequence.
l.1483 $ \textbf{L}{\tilde{n}}^t=\bm
                                    {d} $
The control sequence at the end of the top line
of your error message was never \def'ed. If you have
misspelled it (e.g., `\hobx'), type `I' and the correct
spelling (e.g., `I\hbox'). Otherwise just continue,
and I'll forget about whatever was undefined.

[492]
! Undefined control sequence.
l.1486 $ \bm
            {d}-\textbf{L}\tilde{n}^t $
The control sequence at the end of the top line
of your error message was never \def'ed. If you have
misspelled it (e.g., `\hobx'), type `I' and the correct
spelling (e.g., `I\hbox'). Otherwise just continue,
and I'll forget about whatever was undefined.

[493] [494] [495]
! Undefined control sequence.
l.1495 $ \bm
            {n} $
The control sequence at the end of the top line
of your error message was never \def'ed. If you have
misspelled it (e.g., `\hobx'), type `I' and the correct
spelling (e.g., `I\hbox'). Otherwise just continue,
and I'll forget about whatever was undefined.

[496] [497] [498] [499] [500] [501] [502] [503] [504] [505] [506] [507] [508] [
509] [510] [511] [512] [513] [514] [515] [516] [517] [518] [519] [520] [521] [5
22] [523] [524] [525] [526] [527] [528] [529] [530] [531]
Overfull \hbox (62.70085pt too wide) detected at line 1603
[]
 []

[532] [533]
Overfull \hbox (163.27652pt too wide) detected at line 1609
[]
 []

[534]
Overfull \hbox (168.0842pt too wide) detected at line 1612
[]
 []

[535] [536] [537] [538] [539]
Overfull \hbox (69.85861pt too wide) detected at line 1627
\OML/cmm/m/it/10 g\OT1/cmr/m/n/10 (\OML/cmm/m/it/10 x; y\OT1/cmr/m/n/10 ) = []
 []

[540] [541] [542] [543] [544] [545]
Overfull \hbox (46.67976pt too wide) in alignment at lines 1645--1645
 [][][] []
 []

[546] [547] [548] [549] [550] [551] [552] [553] [554] [555] [556] [557] [558] [
559] [560] [561] [562] [563] [564] [565] [566] [567] [568] [569] [570] [571] [5
72] [573] [574] [575] [576] [577] [578] [579] [580] [581] [582] [583] [584] [58
5] [586] [587] [588] [589] [590] [591] [592] [593] [594] [595] [596] [597] [598
] [599] [600] [601] [602] [603] [604] [605] [606] [607] [608] [609] [610] [611]

Package amsmath Warning: Foreign command \over;
(amsmath)                \frac or \genfrac should be used instead
(amsmath)                 on input line 1843.


Overfull \hbox (78.58963pt too wide) detected at line 1843
\OML/cmm/m/it/10 X[] \OT1/cmr/m/n/10 = [] \OML/cmm/m/it/10 e[] [] e[]x[] k[] \O
T1/cmr/m/n/10 = 0\OML/cmm/m/it/10 ; [] ; N \OMS/cmsy/m/n/10 ^^@ \OT1/cmr/m/n/10
 1\OML/cmm/m/it/10 ;  k[] \OT1/cmr/m/n/10 = 0\OML/cmm/m/it/10 ; [] ; M \OMS/cms
y/m/n/10 ^^@ \OT1/cmr/m/n/10 1 \OML/cmm/m/it/10 i[] \OT1/cmr/m/n/10 = \OMS/cmsy
/m/n/10 ^^@\OT1/cmr/m/n/10 1
 []

[612]
Overfull \hbox (66.0896pt too wide) detected at line 1846
\OML/cmm/m/it/10 x[] \OT1/cmr/m/n/10 = [] \OML/cmm/m/it/10 e[] [] e[]X[] k[] \O
T1/cmr/m/n/10 = 0\OML/cmm/m/it/10 ; [] ; N \OMS/cmsy/m/n/10 ^^@ \OT1/cmr/m/n/10
 1\OML/cmm/m/it/10 ;  k[] \OT1/cmr/m/n/10 = 0\OML/cmm/m/it/10 ; [] ; M \OMS/cms
y/m/n/10 ^^@ \OT1/cmr/m/n/10 1 \OML/cmm/m/it/10 i[] \OT1/cmr/m/n/10 = \OMS/cmsy
/m/n/10 ^^@\OT1/cmr/m/n/10 1
 []

[613] [614] [615] [616] [617] [618] [619] [620] [621] [622] [623] [624] [625] [
626] [627] [628] [629] [630] [631] [632] [633] [634] [635] [636] [637] [638] [6
39] [640] [641] [642] [643] [644] [645] [646] [647] [648] [649] [650]
! Missing } inserted.
<inserted text> 
                }
l.1960 ...ay*}{ g_{\sigma, \lambda, \theta}(x,y) &
                                                  =& W_{\sigma}(x,y) \cdot c...
I've put in what seems to be necessary to fix
the current column of the current alignment.
Try to go on, since this might almost work.

[651] [652] [653] [654] [655] [656] [657] [658] [659] [660] [661] [662] [663] [
664] [665] [666] [667] [668] [669] [670] [671] [672] [673] [674] [675] [676] [6
77] [678] [679] [680] [681] [682] [683] [684] [685] [686] [687] [688] [689] [69
0] [691] [692] [693] [694] [695] [696] [697] [698] [699] [700] [701] [702] [703
] [704]
Overfull \hbox (180.9681pt too wide) detected at line 2122
\OML/cmm/m/it/10 D\OT1/cmr/m/n/10 (\OML/cmm/m/it/10 x; y\OT1/cmr/m/n/10 ) = [][
] [] []
 []

[705] [706] [707] [708] [709] [710] [711] [712] [713] [714] [715] [716] [717] [
718] [719] [720] [721] [722] [723] [724] [725] [726] [727] [728] [729] [730] [7
31] [732] [733] [734] [735] [736] [737] [738] [739] [740] [741] [742] [743] [74
4] [745] [746] [747] [748] [749] [750] [751] [752] [753] [754] [755] [756] [757
] [758]
Overfull \hbox (51.65001pt too wide) detected at line 2284
\OML/cmm/m/it/10 hdst\OT1/cmr/m/n/10 (\OML/cmm/m/it/10 x; y\OT1/cmr/m/n/10 ) = 
[]
 []

[759]
Overfull \hbox (57.76114pt too wide) detected at line 2287
\OML/cmm/m/it/10 hdst\OT1/cmr/m/n/10 (\OML/cmm/m/it/10 x; y\OT1/cmr/m/n/10 ) = 
[]
 []

[760] [761] [762] [763] [764] [765] [766] [767] [768] [769] [770] [771] [772] [
773] [774] [775] [776] [777] [778] [779] [780] [781] [782] [783] [784] [785] [7
86] [787] [788] [789] [790] [791] [792] [793] [794] [795] [796] [797] [798] [79
9] [800] [801] [802] [803] [804] [805] [806] [807] [808] [809] [810] [811] [812
] [813] [814] [815] [816] [817] [818] [819] [820] [821]
Overfull \hbox (66.54204pt too wide) detected at line 2473
\OT1/cmr/m/n/10 [[][](\OML/cmm/m/it/10 f\OT1/cmr/m/n/10 )](\OML/cmm/m/it/10 x\O
T1/cmr/m/n/10 ) = []
 []

[822] [823] [824] [825] [826]
Overfull \hbox (25.39235pt too wide) detected at line 2488
\OT1/cmr/m/n/10 [[][](\OML/cmm/m/it/10 f\OT1/cmr/m/n/10 )](\OML/cmm/m/it/10 x\O
T1/cmr/m/n/10 ) = []
 []

[827] [828] [829] [830] [831] [832] [833] [834] [835] [836]
Overfull \hbox (32.07152pt too wide) detected at line 2518
[] []
 []

[837] [838]
Overfull \hbox (36.79895pt too wide) detected at line 2524
[] []
 []

[839] [840] [841] [842] [843] [844] [845] [846] [847] [848] [849] [850] [851] [
852] [853] [854] [855] [856] [857] [858] [859] [860] [861] [862] [863] [864] [8
65] [866] [867] [868] [869] [870] [871] [872] [873] [874] [875] [876] [877] [87
8] [879] [880] [881] [882] [883] [884] [885] [886] [887] [888] [889] [890] [891
] [892] [893] [894] [895] [896] [897] [898] [899] [900] [901] [902] [903] [904]
[905] [906] [907] [908] [909] [910] [911] [912] [913] [914] [915] [916] [917] [
918] [919] [920] [921] [922] [923] [924] [925] [926] [927]
Overfull \hbox (98.79547pt too wide) detected at line 2791
\OML/cmm/m/it/10 himg[]median[]absdev[] \OT1/cmr/m/n/10 = \OML/cmm/m/it/10 MEDI
AN\OT1/cmr/m/n/10 (\OMS/cmsy/m/n/10 j\OML/cmm/m/it/10 himgs\OT1/cmr/m/n/10 [\OM
L/cmm/m/it/10 i\OT1/cmr/m/n/10 ][] \OMS/cmsy/m/n/10 ^^@ \OML/cmm/m/it/10 himg[]
average[]\OMS/cmsy/m/n/10 j\OT1/cmr/m/n/10 )  (\OML/cmm/m/it/10 i \OT1/cmr/m/n/
10 = 0\OML/cmm/m/it/10 ; [] ; num[]imgs \OMS/cmsy/m/n/10 ^^@ \OT1/cmr/m/n/10 1)

 []

[928] [929] [930] [931]
Overfull \hbox (40.4447pt too wide) detected at line 2803
\OML/cmm/m/it/10 himg[]stddev[] \OT1/cmr/m/n/10 = []    (\OML/cmm/m/it/10 N \OT
1/cmr/m/n/10 = \OML/cmm/m/it/10 num[]imgs\OT1/cmr/m/n/10 )
 []

[932] [933] [934] [935] [936] [937] [938] [939] [940] [941] [942] [943] [944] [
945] [946] [947] [948] [949] [950] [951] [952] [953] [954] [955] [956] [957] [9
58] [959] [960] [961] [962] [963] [964] [965] [966] [967]
! Missing } inserted.
<inserted text> 
                }
l.2911 \begin{eqnarray*}{ \omega(k) &
                                     =& \sum_{i=1}^k p(i) \\ \mu(k) &=& \sum...
I've put in what seems to be necessary to fix
the current column of the current alignment.
Try to go on, since this might almost work.

[968] [969] [970] [971] [972] [973] [974] [975]
! Missing } inserted.
<inserted text> 
                }
l.2935 \begin{eqnarray*}{ P_e &
                               =& 1 - \sum_{i=1}^k f(C_1\vert i)p(i) - \sum_...
I've put in what seems to be necessary to fix
the current column of the current alignment.
Try to go on, since this might almost work.

[976] [977] [978] [979] [980] [981] [982] [983] [984] [985] [986] [987] [988] [
989] [990] [991] [992] [993] [994] [995] [996] [997] [998] [999] [1000] [1001] 
[1002] [1003] [1004] [1005] [1006] [1007] [1008] [1009] [1010] [1011] [1012] [1
013] [1014] [1015] [1016] [1017] [1018] [1019] [1020] [1021] [1022] [1023] [102
4] [1025] [1026] [1027] [1028] [1029] [1030] [1031] [1032] [1033] [1034] [1035]
[1036] [1037] [1038] [1039] [1040] [1041] [1042] [1043] [1044] [1045] [1046] [1
047] [1048] [1049] [1050] [1051] [1052] [1053] [1054] [1055] [1056] [1057] [105
8] [1059] [1060] [1061] [1062] [1063] [1064] [1065] [1066] [1067] [1068] [1069]
[1070] [1071] [1072] [1073] [1074] [1075] [1076] [1077] [1078] [1079] [1080] [1
081] [1082] [1083] [1084] [1085] [1086] [1087] [1088] [1089] [1090] [1091] [109
2] [1093] [1094] [1095] [1096] [1097] [1098] [1099] [1100] [1101] [1102] [1103]
[1104] [1105] [1106] [1107] [1108] [1109] [1110] [1111] [1112] [1113] [1114] [1
115] [1116] [1117] [1118] [1119] (./_formulas.aux) )
(\end occurred inside a group at level 3) 
Here is how much of TeX's memory you used:
 1723 strings out of 94500
 19324 string characters out of 1175100
 75568 words of memory out of 1500000
 5043 multiletter control sequences out of 10000+50000
 13517 words of font info for 54 fonts, out of 600000 for 2000
 679 hyphenation exceptions out of 8191
 32i,15n,24p,824b,260s stack positions out of 3000i,500n,5000p,200000b,5000s

Output written on _formulas.dvi (1119 pages, 243092 bytes).
